Build started 11/30/2015 12:29:42 PM.
     1>Project "D:\VCProjects\CIS462-562 Animation Toolkit - Master (Local)\HW8 - AnimationToolkit - Solution\assignment4a\ParticleViewer-soln.vcxproj" on node 3 (Rebuild target(s)).
     1>C:\Program Files (x86)\MSBuild\Microsoft.Cpp\v4.0\V120\Microsoft.CppBuild.targets(388,5): warning MSB8028: The intermediate directory (Release\) contains files shared from another project (A4a-ParticleViewer.vcxproj).  This can lead to incorrect clean and rebuild behavior.
     1>ClCompile:
         C:\Program Files (x86)\Microsoft Visual Studio 12.0\VC\bin\CL.exe /c /I..\include /I.\..\3rdparty\DevIL1.6.7 /I.\..\3rdparty\AntTweakBar.1.16\include /I.\..\3rdparty\FBX.SDK.2014.2\include /I.\..\3rdparty\glut /nologo /W3 /WX- /Ox /Ob2 /Oy- /D WIN32 /D _WINDOWS /D NDEBUG /D _WIN32 /D _CRT_SECURE_NO_DEPRECATE /D _CRT_NONSTDC_NO_DEPRECATE /D _MBCS /Gm- /EHsc /MD /GS /fp:precise /Zc:wchar_t /Zc:forScope /Fo"Release\\" /Fd"Release\vc120.pdb" /Gd /TP /analyze- /errorReport:prompt particleMain.cpp ParticleViewer.cpp
         particleMain.cpp
         ParticleViewer.cpp
         Generating Code...
       Link:
         C:\Program Files (x86)\Microsoft Visual Studio 12.0\VC\bin\link.exe /ERRORREPORT:PROMPT /OUT:"..\bin\A4a-ParticleViewer-soln.exe" /INCREMENTAL:NO /NOLOGO /LIBPATH:.\..\lib /LIBPATH:.\..\3rdparty\DevIL1.6.7\lib /LIBPATH:.\..\3rdparty\AntTweakBar.1.16\lib /LIBPATH:.\..\3rdparty\FBX.SDK.2014.2\lib\vs2008\x86\release /LIBPATH:.\..\3rdparty\glut\glutx86 libUI.lib "libAssignment1-soln.lib" "libAssignment2a-soln.lib" "libAssignment2b-soln.lib" "libAssignment2c-soln.lib" "libAssignment4-soln.lib" libfbxsdk.lib glew32.lib DevIL.lib ILU.lib ILUT.lib AntTweakBar.lib kernel32.lib user32.lib gdi32.lib winspool.lib comdlg32.lib advapi32.lib shell32.lib ole32.lib oleaut32.lib uuid.lib odbc32.lib odbccp32.lib /MANIFEST /MANIFESTUAC:"level='asInvoker' uiAccess='false'" /manifest:embed /PDB:"..\bin\A4a-ParticleViewer-soln.pdb" /SUBSYSTEM:CONSOLE /LTCG /TLBID:1 /DYNAMICBASE /NXCOMPAT /IMPLIB:"..\bin\A4a-ParticleViewer-soln.lib" /MACHINE:X86 /SAFESEH Release\particleMain.obj
         Release\ParticleViewer.obj
         Generating code
         Finished generating code
         ParticleViewer-soln.vcxproj -> D:\VCProjects\CIS462-562 Animation Toolkit - Master (Local)\HW8 - AnimationToolkit - Solution\assignment4a\..\bin\A4a-ParticleViewer-soln.exe
       PostBuildEvent:
         copy ..\bin\A4a-ParticleViewer-soln.exe ..\..\bin
         :VCEnd
                 1 file(s) copied.
     1>Done Building Project "D:\VCProjects\CIS462-562 Animation Toolkit - Master (Local)\HW8 - AnimationToolkit - Solution\assignment4a\ParticleViewer-soln.vcxproj" (Rebuild target(s)).

Build succeeded.

Time Elapsed 00:00:10.01
